2024-10-21 15:03:39.237 [restartedMain] INFO  com.kdshop.WebApplication - Starting WebApplication using Java 1.8.0_371 on DESKTOP-ILELN00 with PID 16528 (E:\Code\kd-shop-fast\target\classes started by LR in E:\Code\kd-shop-fast)
2024-10-21 15:03:39.240 [restartedMain] INFO  com.kdshop.WebApplication - No active profile set, falling back to default profiles: default
2024-10-21 15:03:39.284 [restartedMain] INFO  o.s.b.d.env.DevToolsPropertyDefaultsPostProcessor - Devtools property defaults active! Set 'spring.devtools.add-properties' to 'false' to disable
2024-10-21 15:03:39.285 [restartedMain] INFO  o.s.b.d.env.DevToolsPropertyDefaultsPostProcessor - For additional web related logging consider setting the 'logging.level.web' property to 'DEBUG'
2024-10-21 15:03:40.223 [restartedMain] INFO  o.s.boot.web.embedded.tomcat.TomcatWebServer - Tomcat initialized with port(s): 3000 (http)
2024-10-21 15:03:40.231 [restartedMain] INFO  org.apache.coyote.http11.Http11NioProtocol - Initializing ProtocolHandler ["http-nio-3000"]
2024-10-21 15:03:40.231 [restartedMain] INFO  org.apache.catalina.core.StandardService - Starting service [Tomcat]
2024-10-21 15:03:40.231 [restartedMain] INFO  org.apache.catalina.core.StandardEngine - Starting Servlet engine: [Apache Tomcat/9.0.48]
2024-10-21 15:03:40.438 [restartedMain] INFO  org.apache.jasper.servlet.TldScanner - At least one JAR was scanned for TLDs yet contained no TLDs. Enable debug logging for this logger for a complete list of JARs that were scanned but no TLDs were found in them. Skipping unneeded JARs during scanning can improve startup time and JSP compilation time.
2024-10-21 15:03:40.444 [restartedMain] INFO  o.a.c.core.ContainerBase.[Tomcat].[localhost].[/] - Initializing Spring embedded WebApplicationContext
2024-10-21 15:03:40.444 [restartedMain] INFO  o.s.b.w.s.c.ServletWebServerApplicationContext - Root WebApplicationContext: initialization completed in 1158 ms
2024-10-21 15:03:40.556 [restartedMain] INFO  org.apache.catalina.core.StandardService - Stopping service [Tomcat]
2024-10-21 15:03:40.567 [restartedMain] INFO  o.s.b.a.l.ConditionEvaluationReportLoggingListener - 

Error starting ApplicationContext. To display the conditions report re-run your application with 'debug' enabled.
2024-10-21 15:11:24.046 [restartedMain] INFO  com.kdshop.WebApplication - Starting WebApplication using Java 1.8.0_371 on DESKTOP-ILELN00 with PID 29304 (E:\Code\kd-shop-fast\target\classes started by LR in E:\Code\kd-shop-fast)
2024-10-21 15:11:24.047 [restartedMain] INFO  com.kdshop.WebApplication - No active profile set, falling back to default profiles: default
2024-10-21 15:11:24.082 [restartedMain] INFO  o.s.b.d.env.DevToolsPropertyDefaultsPostProcessor - Devtools property defaults active! Set 'spring.devtools.add-properties' to 'false' to disable
2024-10-21 15:11:24.082 [restartedMain] INFO  o.s.b.d.env.DevToolsPropertyDefaultsPostProcessor - For additional web related logging consider setting the 'logging.level.web' property to 'DEBUG'
2024-10-21 15:11:24.828 [restartedMain] INFO  o.s.boot.web.embedded.tomcat.TomcatWebServer - Tomcat initialized with port(s): 3000 (http)
2024-10-21 15:11:24.834 [restartedMain] INFO  org.apache.coyote.http11.Http11NioProtocol - Initializing ProtocolHandler ["http-nio-3000"]
2024-10-21 15:11:24.835 [restartedMain] INFO  org.apache.catalina.core.StandardService - Starting service [Tomcat]
2024-10-21 15:11:24.835 [restartedMain] INFO  org.apache.catalina.core.StandardEngine - Starting Servlet engine: [Apache Tomcat/9.0.48]
2024-10-21 15:11:25.007 [restartedMain] INFO  org.apache.jasper.servlet.TldScanner - At least one JAR was scanned for TLDs yet contained no TLDs. Enable debug logging for this logger for a complete list of JARs that were scanned but no TLDs were found in them. Skipping unneeded JARs during scanning can improve startup time and JSP compilation time.
2024-10-21 15:11:25.012 [restartedMain] INFO  o.a.c.core.ContainerBase.[Tomcat].[localhost].[/] - Initializing Spring embedded WebApplicationContext
2024-10-21 15:11:25.013 [restartedMain] INFO  o.s.b.w.s.c.ServletWebServerApplicationContext - Root WebApplicationContext: initialization completed in 930 ms
2024-10-21 15:11:25.119 [restartedMain] INFO  org.apache.catalina.core.StandardService - Stopping service [Tomcat]
2024-10-21 15:11:25.128 [restartedMain] INFO  o.s.b.a.l.ConditionEvaluationReportLoggingListener - 

Error starting ApplicationContext. To display the conditions report re-run your application with 'debug' enabled.
2024-10-21 15:11:42.531 [restartedMain] INFO  com.kdshop.WebApplication - Starting WebApplication using Java 1.8.0_371 on DESKTOP-ILELN00 with PID 5732 (E:\Code\kd-shop-fast\target\classes started by LR in E:\Code\kd-shop-fast)
2024-10-21 15:11:42.533 [restartedMain] INFO  com.kdshop.WebApplication - No active profile set, falling back to default profiles: default
2024-10-21 15:11:42.566 [restartedMain] INFO  o.s.b.d.env.DevToolsPropertyDefaultsPostProcessor - Devtools property defaults active! Set 'spring.devtools.add-properties' to 'false' to disable
2024-10-21 15:11:42.566 [restartedMain] INFO  o.s.b.d.env.DevToolsPropertyDefaultsPostProcessor - For additional web related logging consider setting the 'logging.level.web' property to 'DEBUG'
2024-10-21 15:11:43.286 [restartedMain] INFO  o.s.boot.web.embedded.tomcat.TomcatWebServer - Tomcat initialized with port(s): 3000 (http)
2024-10-21 15:11:43.292 [restartedMain] INFO  org.apache.coyote.http11.Http11NioProtocol - Initializing ProtocolHandler ["http-nio-3000"]
2024-10-21 15:11:43.293 [restartedMain] INFO  org.apache.catalina.core.StandardService - Starting service [Tomcat]
2024-10-21 15:11:43.293 [restartedMain] INFO  org.apache.catalina.core.StandardEngine - Starting Servlet engine: [Apache Tomcat/9.0.48]
2024-10-21 15:11:43.470 [restartedMain] INFO  org.apache.jasper.servlet.TldScanner - At least one JAR was scanned for TLDs yet contained no TLDs. Enable debug logging for this logger for a complete list of JARs that were scanned but no TLDs were found in them. Skipping unneeded JARs during scanning can improve startup time and JSP compilation time.
2024-10-21 15:11:43.474 [restartedMain] INFO  o.a.c.core.ContainerBase.[Tomcat].[localhost].[/] - Initializing Spring embedded WebApplicationContext
2024-10-21 15:11:43.475 [restartedMain] INFO  o.s.b.w.s.c.ServletWebServerApplicationContext - Root WebApplicationContext: initialization completed in 908 ms
2024-10-21 15:11:43.583 [restartedMain] INFO  org.apache.catalina.core.StandardService - Stopping service [Tomcat]
2024-10-21 15:11:43.593 [restartedMain] INFO  o.s.b.a.l.ConditionEvaluationReportLoggingListener - 

Error starting ApplicationContext. To display the conditions report re-run your application with 'debug' enabled.
2024-10-21 15:14:29.476 [restartedMain] INFO  com.kdshop.WebApplication - Starting WebApplication using Java 1.8.0_371 on DESKTOP-ILELN00 with PID 11152 (E:\Code\kd-shop-fast\target\classes started by LR in E:\Code\kd-shop-fast)
2024-10-21 15:14:29.478 [restartedMain] INFO  com.kdshop.WebApplication - No active profile set, falling back to default profiles: default
2024-10-21 15:14:29.510 [restartedMain] INFO  o.s.b.d.env.DevToolsPropertyDefaultsPostProcessor - Devtools property defaults active! Set 'spring.devtools.add-properties' to 'false' to disable
2024-10-21 15:14:29.510 [restartedMain] INFO  o.s.b.d.env.DevToolsPropertyDefaultsPostProcessor - For additional web related logging consider setting the 'logging.level.web' property to 'DEBUG'
2024-10-21 15:14:30.249 [restartedMain] INFO  o.s.boot.web.embedded.tomcat.TomcatWebServer - Tomcat initialized with port(s): 3000 (http)
2024-10-21 15:14:30.257 [restartedMain] INFO  org.apache.coyote.http11.Http11NioProtocol - Initializing ProtocolHandler ["http-nio-3000"]
2024-10-21 15:14:30.257 [restartedMain] INFO  org.apache.catalina.core.StandardService - Starting service [Tomcat]
2024-10-21 15:14:30.257 [restartedMain] INFO  org.apache.catalina.core.StandardEngine - Starting Servlet engine: [Apache Tomcat/9.0.48]
2024-10-21 15:14:30.436 [restartedMain] INFO  org.apache.jasper.servlet.TldScanner - At least one JAR was scanned for TLDs yet contained no TLDs. Enable debug logging for this logger for a complete list of JARs that were scanned but no TLDs were found in them. Skipping unneeded JARs during scanning can improve startup time and JSP compilation time.
2024-10-21 15:14:30.441 [restartedMain] INFO  o.a.c.core.ContainerBase.[Tomcat].[localhost].[/] - Initializing Spring embedded WebApplicationContext
2024-10-21 15:14:30.441 [restartedMain] INFO  o.s.b.w.s.c.ServletWebServerApplicationContext - Root WebApplicationContext: initialization completed in 930 ms
2024-10-21 15:14:30.557 [restartedMain] INFO  org.apache.catalina.core.StandardService - Stopping service [Tomcat]
2024-10-21 15:14:30.569 [restartedMain] INFO  o.s.b.a.l.ConditionEvaluationReportLoggingListener - 

Error starting ApplicationContext. To display the conditions report re-run your application with 'debug' enabled.
2024-10-21 15:21:44.660 [restartedMain] INFO  com.kdshop.WebApplication - Starting WebApplication using Java 1.8.0_371 on DESKTOP-ILELN00 with PID 25620 (E:\Code\kd-shop-fast\target\classes started by LR in E:\Code\kd-shop-fast)
2024-10-21 15:21:44.662 [restartedMain] INFO  com.kdshop.WebApplication - No active profile set, falling back to default profiles: default
2024-10-21 15:21:44.697 [restartedMain] INFO  o.s.b.d.env.DevToolsPropertyDefaultsPostProcessor - Devtools property defaults active! Set 'spring.devtools.add-properties' to 'false' to disable
2024-10-21 15:21:44.698 [restartedMain] INFO  o.s.b.d.env.DevToolsPropertyDefaultsPostProcessor - For additional web related logging consider setting the 'logging.level.web' property to 'DEBUG'
2024-10-21 15:21:45.528 [restartedMain] INFO  o.s.boot.web.embedded.tomcat.TomcatWebServer - Tomcat initialized with port(s): 3000 (http)
2024-10-21 15:21:45.534 [restartedMain] INFO  org.apache.coyote.http11.Http11NioProtocol - Initializing ProtocolHandler ["http-nio-3000"]
2024-10-21 15:21:45.535 [restartedMain] INFO  org.apache.catalina.core.StandardService - Starting service [Tomcat]
2024-10-21 15:21:45.535 [restartedMain] INFO  org.apache.catalina.core.StandardEngine - Starting Servlet engine: [Apache Tomcat/9.0.48]
2024-10-21 15:21:45.716 [restartedMain] INFO  org.apache.jasper.servlet.TldScanner - At least one JAR was scanned for TLDs yet contained no TLDs. Enable debug logging for this logger for a complete list of JARs that were scanned but no TLDs were found in them. Skipping unneeded JARs during scanning can improve startup time and JSP compilation time.
2024-10-21 15:21:45.722 [restartedMain] INFO  o.a.c.core.ContainerBase.[Tomcat].[localhost].[/] - Initializing Spring embedded WebApplicationContext
2024-10-21 15:21:45.722 [restartedMain] INFO  o.s.b.w.s.c.ServletWebServerApplicationContext - Root WebApplicationContext: initialization completed in 1024 ms
2024-10-21 15:21:45.834 [restartedMain] INFO  org.apache.catalina.core.StandardService - Stopping service [Tomcat]
2024-10-21 15:21:45.844 [restartedMain] INFO  o.s.b.a.l.ConditionEvaluationReportLoggingListener - 

Error starting ApplicationContext. To display the conditions report re-run your application with 'debug' enabled.
2024-10-21 15:25:14.353 [restartedMain] INFO  com.kdshop.WebApplication - Starting WebApplication using Java 1.8.0_371 on DESKTOP-ILELN00 with PID 17504 (E:\Code\kd-shop-fast\target\classes started by LR in E:\Code\kd-shop-fast)
2024-10-21 15:25:14.355 [restartedMain] INFO  com.kdshop.WebApplication - No active profile set, falling back to default profiles: default
2024-10-21 15:25:14.393 [restartedMain] INFO  o.s.b.d.env.DevToolsPropertyDefaultsPostProcessor - Devtools property defaults active! Set 'spring.devtools.add-properties' to 'false' to disable
2024-10-21 15:25:14.393 [restartedMain] INFO  o.s.b.d.env.DevToolsPropertyDefaultsPostProcessor - For additional web related logging consider setting the 'logging.level.web' property to 'DEBUG'
2024-10-21 15:25:15.176 [restartedMain] INFO  o.s.boot.web.embedded.tomcat.TomcatWebServer - Tomcat initialized with port(s): 3000 (http)
2024-10-21 15:25:15.182 [restartedMain] INFO  org.apache.coyote.http11.Http11NioProtocol - Initializing ProtocolHandler ["http-nio-3000"]
2024-10-21 15:25:15.184 [restartedMain] INFO  org.apache.catalina.core.StandardService - Starting service [Tomcat]
2024-10-21 15:25:15.184 [restartedMain] INFO  org.apache.catalina.core.StandardEngine - Starting Servlet engine: [Apache Tomcat/9.0.48]
2024-10-21 15:25:15.367 [restartedMain] INFO  org.apache.jasper.servlet.TldScanner - At least one JAR was scanned for TLDs yet contained no TLDs. Enable debug logging for this logger for a complete list of JARs that were scanned but no TLDs were found in them. Skipping unneeded JARs during scanning can improve startup time and JSP compilation time.
2024-10-21 15:25:15.372 [restartedMain] INFO  o.a.c.core.ContainerBase.[Tomcat].[localhost].[/] - Initializing Spring embedded WebApplicationContext
2024-10-21 15:25:15.372 [restartedMain] INFO  o.s.b.w.s.c.ServletWebServerApplicationContext - Root WebApplicationContext: initialization completed in 978 ms
2024-10-21 15:25:15.560 [restartedMain] INFO  o.s.b.a.web.servlet.WelcomePageHandlerMapping - Adding welcome page template: index
2024-10-21 15:25:15.573 [restartedMain] INFO  c.l.k.c.KdShopWebConfig$$EnhancerBySpringCGLIB$$3d7341e3 - =========================Windows 图片资源映射============================
2024-10-21 15:25:15.980 [restartedMain] INFO  o.s.b.d.autoconfigure.OptionalLiveReloadServer - LiveReload server is running on port 35729
2024-10-21 15:25:15.992 [restartedMain] INFO  org.apache.coyote.http11.Http11NioProtocol - Starting ProtocolHandler ["http-nio-3000"]
2024-10-21 15:25:16.007 [restartedMain] INFO  o.s.boot.web.embedded.tomcat.TomcatWebServer - Tomcat started on port(s): 3000 (http) with context path ''
2024-10-21 15:25:16.015 [restartedMain] INFO  com.kdshop.WebApplication - Started WebApplication in 1.997 seconds (JVM running for 2.914)
2024-10-21 15:25:39.120 [http-nio-3000-exec-1] INFO  o.a.c.core.ContainerBase.[Tomcat].[localhost].[/] - Initializing Spring DispatcherServlet 'dispatcherServlet'
2024-10-21 15:25:39.123 [http-nio-3000-exec-1] INFO  org.springframework.web.servlet.DispatcherServlet - Initializing Servlet 'dispatcherServlet'
2024-10-21 15:25:39.125 [http-nio-3000-exec-1] INFO  org.springframework.web.servlet.DispatcherServlet - Completed initialization in 2 ms
