2024-10-15 11:49:39.936 [restartedMain] INFO  com.lvr.kdshop.web.WebApplication - Starting WebApplication using Java 1.8.0_371 on DESKTOP-ILELN00 with PID 28316 (E:\Code\kd-shop\kd-shop-web\target\classes started by LR in E:\Code\kd-shop)
2024-10-15 11:49:39.942 [restartedMain] INFO  com.lvr.kdshop.web.WebApplication - No active profile set, falling back to default profiles: default
2024-10-15 11:49:40.027 [restartedMain] INFO  o.s.b.d.env.DevToolsPropertyDefaultsPostProcessor - Devtools property defaults active! Set 'spring.devtools.add-properties' to 'false' to disable
2024-10-15 11:49:40.028 [restartedMain] INFO  o.s.b.d.env.DevToolsPropertyDefaultsPostProcessor - For additional web related logging consider setting the 'logging.level.web' property to 'DEBUG'
2024-10-15 11:49:41.002 [restartedMain] INFO  o.s.d.r.config.RepositoryConfigurationDelegate - Multiple Spring Data modules found, entering strict repository configuration mode!
2024-10-15 11:49:41.006 [restartedMain] INFO  o.s.d.r.config.RepositoryConfigurationDelegate - Bootstrapping Spring Data Redis repositories in DEFAULT mode.
2024-10-15 11:49:41.038 [restartedMain] INFO  o.s.d.r.config.RepositoryConfigurationDelegate - Finished Spring Data repository scanning in 16 ms. Found 0 Redis repository interfaces.
2024-10-15 11:49:41.844 [restartedMain] INFO  o.s.boot.web.embedded.tomcat.TomcatWebServer - Tomcat initialized with port(s): 3000 (http)
2024-10-15 11:49:41.856 [restartedMain] INFO  org.apache.coyote.http11.Http11NioProtocol - Initializing ProtocolHandler ["http-nio-3000"]
2024-10-15 11:49:41.857 [restartedMain] INFO  org.apache.catalina.core.StandardService - Starting service [Tomcat]
2024-10-15 11:49:41.857 [restartedMain] INFO  org.apache.catalina.core.StandardEngine - Starting Servlet engine: [Apache Tomcat/9.0.48]
2024-10-15 11:49:41.959 [restartedMain] INFO  o.a.c.core.ContainerBase.[Tomcat].[localhost].[/] - Initializing Spring embedded WebApplicationContext
2024-10-15 11:49:41.959 [restartedMain] INFO  o.s.b.w.s.c.ServletWebServerApplicationContext - Root WebApplicationContext: initialization completed in 1930 ms
2024-10-15 11:49:42.913 [restartedMain] INFO  o.s.b.a.web.servlet.WelcomePageHandlerMapping - Adding welcome page template: index
2024-10-15 11:49:42.951 [restartedMain] INFO  c.l.k.w.c.KdShopWebConfig$$EnhancerBySpringCGLIB$$de2c16ae - =========================Windows 图片资源映射============================
2024-10-15 11:49:43.673 [restartedMain] INFO  o.s.b.d.autoconfigure.OptionalLiveReloadServer - LiveReload server is running on port 35729
2024-10-15 11:49:43.689 [restartedMain] INFO  org.apache.coyote.http11.Http11NioProtocol - Starting ProtocolHandler ["http-nio-3000"]
2024-10-15 11:49:43.714 [restartedMain] INFO  o.s.boot.web.embedded.tomcat.TomcatWebServer - Tomcat started on port(s): 3000 (http) with context path ''
2024-10-15 11:49:43.724 [restartedMain] INFO  com.lvr.kdshop.web.WebApplication - Started WebApplication in 4.322 seconds (JVM running for 6.834)
2024-10-15 11:50:03.803 [http-nio-3000-exec-1] INFO  o.a.c.core.ContainerBase.[Tomcat].[localhost].[/] - Initializing Spring DispatcherServlet 'dispatcherServlet'
2024-10-15 11:50:03.803 [http-nio-3000-exec-1] INFO  org.springframework.web.servlet.DispatcherServlet - Initializing Servlet 'dispatcherServlet'
2024-10-15 11:50:03.806 [http-nio-3000-exec-1] INFO  org.springframework.web.servlet.DispatcherServlet - Completed initialization in 3 ms
2024-10-15 11:55:12.033 [restartedMain] INFO  com.lvr.kdshop.web.WebApplication - Starting WebApplication using Java 1.8.0_371 on DESKTOP-ILELN00 with PID 10648 (E:\Code\kd-shop\kd-shop-web\target\classes started by LR in E:\Code\kd-shop)
2024-10-15 11:55:12.036 [restartedMain] INFO  com.lvr.kdshop.web.WebApplication - No active profile set, falling back to default profiles: default
2024-10-15 11:55:12.147 [restartedMain] INFO  o.s.b.d.env.DevToolsPropertyDefaultsPostProcessor - Devtools property defaults active! Set 'spring.devtools.add-properties' to 'false' to disable
2024-10-15 11:55:12.147 [restartedMain] INFO  o.s.b.d.env.DevToolsPropertyDefaultsPostProcessor - For additional web related logging consider setting the 'logging.level.web' property to 'DEBUG'
2024-10-15 11:55:13.065 [restartedMain] INFO  o.s.d.r.config.RepositoryConfigurationDelegate - Multiple Spring Data modules found, entering strict repository configuration mode!
2024-10-15 11:55:13.068 [restartedMain] INFO  o.s.d.r.config.RepositoryConfigurationDelegate - Bootstrapping Spring Data Redis repositories in DEFAULT mode.
2024-10-15 11:55:13.097 [restartedMain] INFO  o.s.d.r.config.RepositoryConfigurationDelegate - Finished Spring Data repository scanning in 15 ms. Found 0 Redis repository interfaces.
2024-10-15 11:55:13.773 [restartedMain] INFO  o.s.boot.web.embedded.tomcat.TomcatWebServer - Tomcat initialized with port(s): 3000 (http)
2024-10-15 11:55:13.784 [restartedMain] INFO  org.apache.coyote.http11.Http11NioProtocol - Initializing ProtocolHandler ["http-nio-3000"]
2024-10-15 11:55:13.784 [restartedMain] INFO  org.apache.catalina.core.StandardService - Starting service [Tomcat]
2024-10-15 11:55:13.784 [restartedMain] INFO  org.apache.catalina.core.StandardEngine - Starting Servlet engine: [Apache Tomcat/9.0.48]
2024-10-15 11:55:13.886 [restartedMain] INFO  o.a.c.core.ContainerBase.[Tomcat].[localhost].[/] - Initializing Spring embedded WebApplicationContext
2024-10-15 11:55:13.887 [restartedMain] INFO  o.s.b.w.s.c.ServletWebServerApplicationContext - Root WebApplicationContext: initialization completed in 1739 ms
2024-10-15 11:55:14.592 [restartedMain] INFO  o.s.b.a.web.servlet.WelcomePageHandlerMapping - Adding welcome page template: index
2024-10-15 11:55:14.613 [restartedMain] INFO  c.l.k.w.c.KdShopWebConfig$$EnhancerBySpringCGLIB$$5bb94ace - =========================Windows 图片资源映射============================
2024-10-15 11:55:15.211 [restartedMain] INFO  o.s.b.d.autoconfigure.OptionalLiveReloadServer - LiveReload server is running on port 35729
2024-10-15 11:55:15.232 [restartedMain] INFO  org.apache.coyote.http11.Http11NioProtocol - Starting ProtocolHandler ["http-nio-3000"]
2024-10-15 11:55:15.252 [restartedMain] INFO  o.s.boot.web.embedded.tomcat.TomcatWebServer - Tomcat started on port(s): 3000 (http) with context path ''
2024-10-15 11:55:15.263 [restartedMain] INFO  com.lvr.kdshop.web.WebApplication - Started WebApplication in 3.785 seconds (JVM running for 5.21)
2024-10-15 11:55:26.949 [http-nio-3000-exec-1] INFO  o.a.c.core.ContainerBase.[Tomcat].[localhost].[/] - Initializing Spring DispatcherServlet 'dispatcherServlet'
2024-10-15 11:55:26.950 [http-nio-3000-exec-1] INFO  org.springframework.web.servlet.DispatcherServlet - Initializing Servlet 'dispatcherServlet'
2024-10-15 11:55:26.951 [http-nio-3000-exec-1] INFO  org.springframework.web.servlet.DispatcherServlet - Completed initialization in 1 ms
2024-10-15 12:09:56.419 [restartedMain] INFO  com.lvr.kdshop.web.WebApplication - Starting WebApplication using Java 1.8.0_371 on DESKTOP-ILELN00 with PID 10648 (E:\Code\kd-shop\kd-shop-web\target\classes started by LR in E:\Code\kd-shop)
2024-10-15 12:09:56.420 [restartedMain] INFO  com.lvr.kdshop.web.WebApplication - No active profile set, falling back to default profiles: default
2024-10-15 12:09:56.827 [restartedMain] INFO  o.s.d.r.config.RepositoryConfigurationDelegate - Multiple Spring Data modules found, entering strict repository configuration mode!
2024-10-15 12:09:56.827 [restartedMain] INFO  o.s.d.r.config.RepositoryConfigurationDelegate - Bootstrapping Spring Data Redis repositories in DEFAULT mode.
2024-10-15 12:09:56.836 [restartedMain] INFO  o.s.d.r.config.RepositoryConfigurationDelegate - Finished Spring Data repository scanning in 9 ms. Found 0 Redis repository interfaces.
2024-10-15 12:09:56.924 [restartedMain] INFO  o.s.boot.web.embedded.tomcat.TomcatWebServer - Tomcat initialized with port(s): 3000 (http)
2024-10-15 12:09:56.925 [restartedMain] INFO  org.apache.coyote.http11.Http11NioProtocol - Initializing ProtocolHandler ["http-nio-3000"]
2024-10-15 12:09:56.925 [restartedMain] INFO  org.apache.catalina.core.StandardService - Starting service [Tomcat]
2024-10-15 12:09:56.925 [restartedMain] INFO  org.apache.catalina.core.StandardEngine - Starting Servlet engine: [Apache Tomcat/9.0.48]
2024-10-15 12:09:56.955 [restartedMain] INFO  o.a.c.core.ContainerBase.[Tomcat].[localhost].[/] - Initializing Spring embedded WebApplicationContext
2024-10-15 12:09:56.955 [restartedMain] INFO  o.s.b.w.s.c.ServletWebServerApplicationContext - Root WebApplicationContext: initialization completed in 529 ms
2024-10-15 12:09:57.280 [restartedMain] INFO  o.s.b.a.web.servlet.WelcomePageHandlerMapping - Adding welcome page template: index
2024-10-15 12:09:57.290 [restartedMain] INFO  c.l.k.w.c.KdShopWebConfig$$EnhancerBySpringCGLIB$$5bb94ace - =========================Windows 图片资源映射============================
2024-10-15 12:09:57.349 [restartedMain] INFO  o.s.b.d.autoconfigure.OptionalLiveReloadServer - LiveReload server is running on port 35729
2024-10-15 12:09:57.355 [restartedMain] INFO  org.apache.coyote.http11.Http11NioProtocol - Starting ProtocolHandler ["http-nio-3000"]
2024-10-15 12:09:57.358 [restartedMain] INFO  o.s.boot.web.embedded.tomcat.TomcatWebServer - Tomcat started on port(s): 3000 (http) with context path ''
2024-10-15 12:09:57.362 [restartedMain] INFO  com.lvr.kdshop.web.WebApplication - Started WebApplication in 1.015 seconds (JVM running for 887.308)
2024-10-15 12:09:57.363 [restartedMain] INFO  o.s.b.d.a.ConditionEvaluationDeltaLoggingListener - Condition evaluation unchanged
2024-10-15 12:09:59.554 [restartedMain] INFO  com.lvr.kdshop.web.WebApplication - Starting WebApplication using Java 1.8.0_371 on DESKTOP-ILELN00 with PID 10648 (E:\Code\kd-shop\kd-shop-web\target\classes started by LR in E:\Code\kd-shop)
2024-10-15 12:09:59.554 [restartedMain] INFO  com.lvr.kdshop.web.WebApplication - No active profile set, falling back to default profiles: default
2024-10-15 12:09:59.896 [restartedMain] INFO  o.s.d.r.config.RepositoryConfigurationDelegate - Multiple Spring Data modules found, entering strict repository configuration mode!
2024-10-15 12:09:59.897 [restartedMain] INFO  o.s.d.r.config.RepositoryConfigurationDelegate - Bootstrapping Spring Data Redis repositories in DEFAULT mode.
2024-10-15 12:09:59.906 [restartedMain] INFO  o.s.d.r.config.RepositoryConfigurationDelegate - Finished Spring Data repository scanning in 9 ms. Found 0 Redis repository interfaces.
2024-10-15 12:09:59.986 [restartedMain] INFO  o.s.boot.web.embedded.tomcat.TomcatWebServer - Tomcat initialized with port(s): 3000 (http)
2024-10-15 12:09:59.986 [restartedMain] INFO  org.apache.coyote.http11.Http11NioProtocol - Initializing ProtocolHandler ["http-nio-3000"]
2024-10-15 12:09:59.986 [restartedMain] INFO  org.apache.catalina.core.StandardService - Starting service [Tomcat]
2024-10-15 12:09:59.986 [restartedMain] INFO  org.apache.catalina.core.StandardEngine - Starting Servlet engine: [Apache Tomcat/9.0.48]
2024-10-15 12:10:00.009 [restartedMain] INFO  o.a.c.core.ContainerBase.[Tomcat].[localhost].[/] - Initializing Spring embedded WebApplicationContext
2024-10-15 12:10:00.009 [restartedMain] INFO  o.s.b.w.s.c.ServletWebServerApplicationContext - Root WebApplicationContext: initialization completed in 451 ms
2024-10-15 12:10:00.173 [restartedMain] INFO  o.s.b.a.web.servlet.WelcomePageHandlerMapping - Adding welcome page template: index
2024-10-15 12:10:00.178 [restartedMain] INFO  c.l.k.w.c.KdShopWebConfig$$EnhancerBySpringCGLIB$$5bb94ace - =========================Windows 图片资源映射============================
2024-10-15 12:10:00.217 [restartedMain] INFO  o.s.b.d.autoconfigure.OptionalLiveReloadServer - LiveReload server is running on port 35729
2024-10-15 12:10:00.224 [restartedMain] INFO  org.apache.coyote.http11.Http11NioProtocol - Starting ProtocolHandler ["http-nio-3000"]
2024-10-15 12:10:00.225 [restartedMain] INFO  o.s.boot.web.embedded.tomcat.TomcatWebServer - Tomcat started on port(s): 3000 (http) with context path ''
2024-10-15 12:10:00.229 [restartedMain] INFO  com.lvr.kdshop.web.WebApplication - Started WebApplication in 0.733 seconds (JVM running for 890.175)
2024-10-15 12:10:00.230 [restartedMain] INFO  o.s.b.d.a.ConditionEvaluationDeltaLoggingListener - Condition evaluation unchanged
2024-10-15 12:10:09.549 [http-nio-3000-exec-1] INFO  o.a.c.core.ContainerBase.[Tomcat].[localhost].[/] - Initializing Spring DispatcherServlet 'dispatcherServlet'
2024-10-15 12:10:09.550 [http-nio-3000-exec-1] INFO  org.springframework.web.servlet.DispatcherServlet - Initializing Servlet 'dispatcherServlet'
2024-10-15 12:10:09.551 [http-nio-3000-exec-1] INFO  org.springframework.web.servlet.DispatcherServlet - Completed initialization in 1 ms
2024-10-15 12:10:11.619 [http-nio-3000-exec-3] INFO  com.zaxxer.hikari.HikariDataSource - HikariPool-1 - Starting...
2024-10-15 12:10:11.765 [http-nio-3000-exec-3] INFO  com.zaxxer.hikari.HikariDataSource - HikariPool-1 - Start completed.
2024-10-15 12:14:07.381 [Thread-23] INFO  com.zaxxer.hikari.HikariDataSource - HikariPool-1 - Shutdown initiated...
2024-10-15 12:14:07.389 [Thread-23] INFO  com.zaxxer.hikari.HikariDataSource - HikariPool-1 - Shutdown completed.
2024-10-15 12:14:07.604 [restartedMain] INFO  com.lvr.kdshop.web.WebApplication - Starting WebApplication using Java 1.8.0_371 on DESKTOP-ILELN00 with PID 10648 (E:\Code\kd-shop\kd-shop-web\target\classes started by LR in E:\Code\kd-shop)
2024-10-15 12:14:07.604 [restartedMain] INFO  com.lvr.kdshop.web.WebApplication - No active profile set, falling back to default profiles: default
2024-10-15 12:14:07.975 [restartedMain] INFO  o.s.d.r.config.RepositoryConfigurationDelegate - Multiple Spring Data modules found, entering strict repository configuration mode!
2024-10-15 12:14:07.975 [restartedMain] INFO  o.s.d.r.config.RepositoryConfigurationDelegate - Bootstrapping Spring Data Redis repositories in DEFAULT mode.
2024-10-15 12:14:07.985 [restartedMain] INFO  o.s.d.r.config.RepositoryConfigurationDelegate - Finished Spring Data repository scanning in 9 ms. Found 0 Redis repository interfaces.
2024-10-15 12:14:08.068 [restartedMain] INFO  o.s.boot.web.embedded.tomcat.TomcatWebServer - Tomcat initialized with port(s): 3000 (http)
2024-10-15 12:14:08.068 [restartedMain] INFO  org.apache.coyote.http11.Http11NioProtocol - Initializing ProtocolHandler ["http-nio-3000"]
2024-10-15 12:14:08.068 [restartedMain] INFO  org.apache.catalina.core.StandardService - Starting service [Tomcat]
2024-10-15 12:14:08.068 [restartedMain] INFO  org.apache.catalina.core.StandardEngine - Starting Servlet engine: [Apache Tomcat/9.0.48]
2024-10-15 12:14:08.093 [restartedMain] INFO  o.a.c.core.ContainerBase.[Tomcat].[localhost].[/] - Initializing Spring embedded WebApplicationContext
2024-10-15 12:14:08.093 [restartedMain] INFO  o.s.b.w.s.c.ServletWebServerApplicationContext - Root WebApplicationContext: initialization completed in 483 ms
2024-10-15 12:14:08.296 [restartedMain] INFO  o.s.b.a.web.servlet.WelcomePageHandlerMapping - Adding welcome page template: index
2024-10-15 12:14:08.306 [restartedMain] INFO  c.l.k.w.c.KdShopWebConfig$$EnhancerBySpringCGLIB$$5bb94ace - =========================Windows 图片资源映射============================
2024-10-15 12:14:08.371 [restartedMain] INFO  o.s.b.d.autoconfigure.OptionalLiveReloadServer - LiveReload server is running on port 35729
2024-10-15 12:14:08.380 [restartedMain] INFO  org.apache.coyote.http11.Http11NioProtocol - Starting ProtocolHandler ["http-nio-3000"]
2024-10-15 12:14:08.383 [restartedMain] INFO  o.s.boot.web.embedded.tomcat.TomcatWebServer - Tomcat started on port(s): 3000 (http) with context path ''
2024-10-15 12:14:08.388 [restartedMain] INFO  com.lvr.kdshop.web.WebApplication - Started WebApplication in 0.853 seconds (JVM running for 1138.335)
2024-10-15 12:14:08.390 [restartedMain] INFO  o.s.b.d.a.ConditionEvaluationDeltaLoggingListener - Condition evaluation unchanged
2024-10-15 12:14:10.381 [restartedMain] INFO  com.lvr.kdshop.web.WebApplication - Starting WebApplication using Java 1.8.0_371 on DESKTOP-ILELN00 with PID 10648 (E:\Code\kd-shop\kd-shop-web\target\classes started by LR in E:\Code\kd-shop)
2024-10-15 12:14:10.381 [restartedMain] INFO  com.lvr.kdshop.web.WebApplication - No active profile set, falling back to default profiles: default
2024-10-15 12:14:10.719 [restartedMain] INFO  o.s.d.r.config.RepositoryConfigurationDelegate - Multiple Spring Data modules found, entering strict repository configuration mode!
2024-10-15 12:14:10.719 [restartedMain] INFO  o.s.d.r.config.RepositoryConfigurationDelegate - Bootstrapping Spring Data Redis repositories in DEFAULT mode.
2024-10-15 12:14:10.729 [restartedMain] INFO  o.s.d.r.config.RepositoryConfigurationDelegate - Finished Spring Data repository scanning in 9 ms. Found 0 Redis repository interfaces.
2024-10-15 12:14:10.811 [restartedMain] INFO  o.s.boot.web.embedded.tomcat.TomcatWebServer - Tomcat initialized with port(s): 3000 (http)
2024-10-15 12:14:10.812 [restartedMain] INFO  org.apache.coyote.http11.Http11NioProtocol - Initializing ProtocolHandler ["http-nio-3000"]
2024-10-15 12:14:10.812 [restartedMain] INFO  org.apache.catalina.core.StandardService - Starting service [Tomcat]
2024-10-15 12:14:10.812 [restartedMain] INFO  org.apache.catalina.core.StandardEngine - Starting Servlet engine: [Apache Tomcat/9.0.48]
2024-10-15 12:14:10.833 [restartedMain] INFO  o.a.c.core.ContainerBase.[Tomcat].[localhost].[/] - Initializing Spring embedded WebApplicationContext
2024-10-15 12:14:10.833 [restartedMain] INFO  o.s.b.w.s.c.ServletWebServerApplicationContext - Root WebApplicationContext: initialization completed in 447 ms
2024-10-15 12:14:10.983 [restartedMain] INFO  o.s.b.a.web.servlet.WelcomePageHandlerMapping - Adding welcome page template: index
2024-10-15 12:14:10.988 [restartedMain] INFO  c.l.k.w.c.KdShopWebConfig$$EnhancerBySpringCGLIB$$5bb94ace - =========================Windows 图片资源映射============================
2024-10-15 12:14:11.028 [restartedMain] INFO  o.s.b.d.autoconfigure.OptionalLiveReloadServer - LiveReload server is running on port 35729
2024-10-15 12:14:11.033 [restartedMain] INFO  org.apache.coyote.http11.Http11NioProtocol - Starting ProtocolHandler ["http-nio-3000"]
2024-10-15 12:14:11.035 [restartedMain] INFO  o.s.boot.web.embedded.tomcat.TomcatWebServer - Tomcat started on port(s): 3000 (http) with context path ''
2024-10-15 12:14:11.037 [restartedMain] INFO  com.lvr.kdshop.web.WebApplication - Started WebApplication in 0.714 seconds (JVM running for 1140.985)
2024-10-15 12:14:11.038 [restartedMain] INFO  o.s.b.d.a.ConditionEvaluationDeltaLoggingListener - Condition evaluation unchanged
2024-10-15 12:14:13.294 [http-nio-3000-exec-1] INFO  o.a.c.core.ContainerBase.[Tomcat].[localhost].[/] - Initializing Spring DispatcherServlet 'dispatcherServlet'
2024-10-15 12:14:13.295 [http-nio-3000-exec-1] INFO  org.springframework.web.servlet.DispatcherServlet - Initializing Servlet 'dispatcherServlet'
2024-10-15 12:14:13.296 [http-nio-3000-exec-1] INFO  org.springframework.web.servlet.DispatcherServlet - Completed initialization in 1 ms
2024-10-15 12:14:13.297 [http-nio-3000-exec-1] INFO  com.zaxxer.hikari.HikariDataSource - HikariPool-2 - Starting...
2024-10-15 12:14:13.302 [http-nio-3000-exec-1] INFO  com.zaxxer.hikari.HikariDataSource - HikariPool-2 - Start completed.
2024-10-15 13:57:31.407 [SpringApplicationShutdownHook] INFO  com.zaxxer.hikari.HikariDataSource - HikariPool-2 - Shutdown initiated...
2024-10-15 13:57:31.410 [SpringApplicationShutdownHook] INFO  com.zaxxer.hikari.HikariDataSource - HikariPool-2 - Shutdown completed.
2024-10-15 13:57:35.024 [restartedMain] INFO  com.lvr.kdshop.web.WebApplication - Starting WebApplication using Java 1.8.0_371 on DESKTOP-ILELN00 with PID 34484 (E:\Code\kd-shop\kd-shop-web\target\classes started by LR in E:\Code\kd-shop)
2024-10-15 13:57:35.027 [restartedMain] INFO  com.lvr.kdshop.web.WebApplication - No active profile set, falling back to default profiles: default
2024-10-15 13:57:35.105 [restartedMain] INFO  o.s.b.d.env.DevToolsPropertyDefaultsPostProcessor - Devtools property defaults active! Set 'spring.devtools.add-properties' to 'false' to disable
2024-10-15 13:57:35.105 [restartedMain] INFO  o.s.b.d.env.DevToolsPropertyDefaultsPostProcessor - For additional web related logging consider setting the 'logging.level.web' property to 'DEBUG'
2024-10-15 13:57:35.936 [restartedMain] INFO  o.s.d.r.config.RepositoryConfigurationDelegate - Multiple Spring Data modules found, entering strict repository configuration mode!
2024-10-15 13:57:35.938 [restartedMain] INFO  o.s.d.r.config.RepositoryConfigurationDelegate - Bootstrapping Spring Data Redis repositories in DEFAULT mode.
2024-10-15 13:57:35.965 [restartedMain] INFO  o.s.d.r.config.RepositoryConfigurationDelegate - Finished Spring Data repository scanning in 14 ms. Found 0 Redis repository interfaces.
2024-10-15 13:57:36.666 [restartedMain] INFO  o.s.boot.web.embedded.tomcat.TomcatWebServer - Tomcat initialized with port(s): 3000 (http)
2024-10-15 13:57:36.677 [restartedMain] INFO  org.apache.coyote.http11.Http11NioProtocol - Initializing ProtocolHandler ["http-nio-3000"]
2024-10-15 13:57:36.677 [restartedMain] INFO  org.apache.catalina.core.StandardService - Starting service [Tomcat]
2024-10-15 13:57:36.677 [restartedMain] INFO  org.apache.catalina.core.StandardEngine - Starting Servlet engine: [Apache Tomcat/9.0.48]
2024-10-15 13:57:36.777 [restartedMain] INFO  o.a.c.core.ContainerBase.[Tomcat].[localhost].[/] - Initializing Spring embedded WebApplicationContext
2024-10-15 13:57:36.777 [restartedMain] INFO  o.s.b.w.s.c.ServletWebServerApplicationContext - Root WebApplicationContext: initialization completed in 1671 ms
2024-10-15 13:57:37.560 [restartedMain] INFO  o.s.b.a.web.servlet.WelcomePageHandlerMapping - Adding welcome page template: index
2024-10-15 13:57:37.584 [restartedMain] INFO  c.l.k.w.c.KdShopWebConfig$$EnhancerBySpringCGLIB$$77a9ba3a - =========================Windows 图片资源映射============================
2024-10-15 13:57:38.176 [restartedMain] INFO  o.s.b.d.autoconfigure.OptionalLiveReloadServer - LiveReload server is running on port 35729
2024-10-15 13:57:38.196 [restartedMain] INFO  org.apache.coyote.http11.Http11NioProtocol - Starting ProtocolHandler ["http-nio-3000"]
2024-10-15 13:57:38.215 [restartedMain] INFO  o.s.boot.web.embedded.tomcat.TomcatWebServer - Tomcat started on port(s): 3000 (http) with context path ''
2024-10-15 13:57:38.229 [restartedMain] INFO  com.lvr.kdshop.web.WebApplication - Started WebApplication in 3.696 seconds (JVM running for 5.403)
2024-10-15 13:57:48.758 [http-nio-3000-exec-3] INFO  o.a.c.core.ContainerBase.[Tomcat].[localhost].[/] - Initializing Spring DispatcherServlet 'dispatcherServlet'
2024-10-15 13:57:48.758 [http-nio-3000-exec-3] INFO  org.springframework.web.servlet.DispatcherServlet - Initializing Servlet 'dispatcherServlet'
2024-10-15 13:57:48.759 [http-nio-3000-exec-3] INFO  org.springframework.web.servlet.DispatcherServlet - Completed initialization in 1 ms
2024-10-15 13:57:48.801 [http-nio-3000-exec-3] INFO  com.zaxxer.hikari.HikariDataSource - HikariPool-1 - Starting...
2024-10-15 13:57:48.930 [http-nio-3000-exec-3] INFO  com.zaxxer.hikari.HikariDataSource - HikariPool-1 - Start completed.
2024-10-15 14:00:56.155 [Thread-14] INFO  com.zaxxer.hikari.HikariDataSource - HikariPool-1 - Shutdown initiated...
2024-10-15 14:00:56.162 [Thread-14] INFO  com.zaxxer.hikari.HikariDataSource - HikariPool-1 - Shutdown completed.
2024-10-15 14:00:56.414 [restartedMain] INFO  com.lvr.kdshop.web.WebApplication - Starting WebApplication using Java 1.8.0_371 on DESKTOP-ILELN00 with PID 34484 (E:\Code\kd-shop\kd-shop-web\target\classes started by LR in E:\Code\kd-shop)
2024-10-15 14:00:56.414 [restartedMain] INFO  com.lvr.kdshop.web.WebApplication - No active profile set, falling back to default profiles: default
2024-10-15 14:00:56.984 [restartedMain] INFO  o.s.d.r.config.RepositoryConfigurationDelegate - Multiple Spring Data modules found, entering strict repository configuration mode!
2024-10-15 14:00:56.984 [restartedMain] INFO  o.s.d.r.config.RepositoryConfigurationDelegate - Bootstrapping Spring Data Redis repositories in DEFAULT mode.
2024-10-15 14:00:56.998 [restartedMain] INFO  o.s.d.r.config.RepositoryConfigurationDelegate - Finished Spring Data repository scanning in 13 ms. Found 0 Redis repository interfaces.
2024-10-15 14:00:57.097 [restartedMain] INFO  o.s.boot.web.embedded.tomcat.TomcatWebServer - Tomcat initialized with port(s): 3000 (http)
2024-10-15 14:00:57.097 [restartedMain] INFO  org.apache.coyote.http11.Http11NioProtocol - Initializing ProtocolHandler ["http-nio-3000"]
2024-10-15 14:00:57.097 [restartedMain] INFO  org.apache.catalina.core.StandardService - Starting service [Tomcat]
2024-10-15 14:00:57.097 [restartedMain] INFO  org.apache.catalina.core.StandardEngine - Starting Servlet engine: [Apache Tomcat/9.0.48]
2024-10-15 14:00:57.123 [restartedMain] INFO  o.a.c.core.ContainerBase.[Tomcat].[localhost].[/] - Initializing Spring embedded WebApplicationContext
2024-10-15 14:00:57.123 [restartedMain] INFO  o.s.b.w.s.c.ServletWebServerApplicationContext - Root WebApplicationContext: initialization completed in 700 ms
2024-10-15 14:00:57.315 [restartedMain] INFO  o.s.b.a.web.servlet.WelcomePageHandlerMapping - Adding welcome page template: index
2024-10-15 14:00:57.321 [restartedMain] INFO  c.l.k.w.c.KdShopWebConfig$$EnhancerBySpringCGLIB$$77a9ba3a - =========================Windows 图片资源映射============================
2024-10-15 14:00:57.363 [restartedMain] INFO  o.s.b.d.autoconfigure.OptionalLiveReloadServer - LiveReload server is running on port 35729
2024-10-15 14:00:57.369 [restartedMain] INFO  org.apache.coyote.http11.Http11NioProtocol - Starting ProtocolHandler ["http-nio-3000"]
2024-10-15 14:00:57.372 [restartedMain] INFO  o.s.boot.web.embedded.tomcat.TomcatWebServer - Tomcat started on port(s): 3000 (http) with context path ''
2024-10-15 14:00:57.375 [restartedMain] INFO  com.lvr.kdshop.web.WebApplication - Started WebApplication in 1.083 seconds (JVM running for 204.549)
2024-10-15 14:00:57.376 [restartedMain] INFO  o.s.b.d.a.ConditionEvaluationDeltaLoggingListener - Condition evaluation unchanged
2024-10-15 14:00:59.402 [restartedMain] INFO  com.lvr.kdshop.web.WebApplication - Starting WebApplication using Java 1.8.0_371 on DESKTOP-ILELN00 with PID 34484 (E:\Code\kd-shop\kd-shop-web\target\classes started by LR in E:\Code\kd-shop)
2024-10-15 14:00:59.402 [restartedMain] INFO  com.lvr.kdshop.web.WebApplication - No active profile set, falling back to default profiles: default
2024-10-15 14:00:59.740 [restartedMain] INFO  o.s.d.r.config.RepositoryConfigurationDelegate - Multiple Spring Data modules found, entering strict repository configuration mode!
2024-10-15 14:00:59.741 [restartedMain] INFO  o.s.d.r.config.RepositoryConfigurationDelegate - Bootstrapping Spring Data Redis repositories in DEFAULT mode.
2024-10-15 14:00:59.750 [restartedMain] INFO  o.s.d.r.config.RepositoryConfigurationDelegate - Finished Spring Data repository scanning in 9 ms. Found 0 Redis repository interfaces.
2024-10-15 14:00:59.827 [restartedMain] INFO  o.s.boot.web.embedded.tomcat.TomcatWebServer - Tomcat initialized with port(s): 3000 (http)
2024-10-15 14:00:59.827 [restartedMain] INFO  org.apache.coyote.http11.Http11NioProtocol - Initializing ProtocolHandler ["http-nio-3000"]
2024-10-15 14:00:59.827 [restartedMain] INFO  org.apache.catalina.core.StandardService - Starting service [Tomcat]
2024-10-15 14:00:59.827 [restartedMain] INFO  org.apache.catalina.core.StandardEngine - Starting Servlet engine: [Apache Tomcat/9.0.48]
2024-10-15 14:00:59.851 [restartedMain] INFO  o.a.c.core.ContainerBase.[Tomcat].[localhost].[/] - Initializing Spring embedded WebApplicationContext
2024-10-15 14:00:59.851 [restartedMain] INFO  o.s.b.w.s.c.ServletWebServerApplicationContext - Root WebApplicationContext: initialization completed in 444 ms
2024-10-15 14:00:59.863 [restartedMain] INFO  org.apache.catalina.core.StandardService - Stopping service [Tomcat]
2024-10-15 14:00:59.871 [restartedMain] INFO  o.s.b.a.l.ConditionEvaluationReportLoggingListener - 

Error starting ApplicationContext. To display the conditions report re-run your application with 'debug' enabled.
2024-10-15 14:01:48.533 [restartedMain] INFO  com.lvr.kdshop.web.WebApplication - Starting WebApplication using Java 1.8.0_371 on DESKTOP-ILELN00 with PID 34484 (E:\Code\kd-shop\kd-shop-web\target\classes started by LR in E:\Code\kd-shop)
2024-10-15 14:01:48.533 [restartedMain] INFO  com.lvr.kdshop.web.WebApplication - No active profile set, falling back to default profiles: default
2024-10-15 14:01:49.003 [restartedMain] INFO  o.s.d.r.config.RepositoryConfigurationDelegate - Multiple Spring Data modules found, entering strict repository configuration mode!
2024-10-15 14:01:49.003 [restartedMain] INFO  o.s.d.r.config.RepositoryConfigurationDelegate - Bootstrapping Spring Data Redis repositories in DEFAULT mode.
2024-10-15 14:01:49.016 [restartedMain] INFO  o.s.d.r.config.RepositoryConfigurationDelegate - Finished Spring Data repository scanning in 12 ms. Found 0 Redis repository interfaces.
2024-10-15 14:01:49.112 [restartedMain] INFO  o.s.boot.web.embedded.tomcat.TomcatWebServer - Tomcat initialized with port(s): 3000 (http)
2024-10-15 14:01:49.112 [restartedMain] INFO  org.apache.coyote.http11.Http11NioProtocol - Initializing ProtocolHandler ["http-nio-3000"]
2024-10-15 14:01:49.112 [restartedMain] INFO  org.apache.catalina.core.StandardService - Starting service [Tomcat]
2024-10-15 14:01:49.113 [restartedMain] INFO  org.apache.catalina.core.StandardEngine - Starting Servlet engine: [Apache Tomcat/9.0.48]
2024-10-15 14:01:49.138 [restartedMain] INFO  o.a.c.c.ContainerBase.[Tomcat-1].[localhost].[/] - Initializing Spring embedded WebApplicationContext
2024-10-15 14:01:49.138 [restartedMain] INFO  o.s.b.w.s.c.ServletWebServerApplicationContext - Root WebApplicationContext: initialization completed in 598 ms
2024-10-15 14:01:49.348 [restartedMain] INFO  o.s.b.a.web.servlet.WelcomePageHandlerMapping - Adding welcome page template: index
2024-10-15 14:01:49.353 [restartedMain] INFO  c.l.k.w.c.KdShopWebConfig$$EnhancerBySpringCGLIB$$77a9ba3a - =========================Windows 图片资源映射============================
2024-10-15 14:01:49.390 [restartedMain] INFO  o.s.b.d.autoconfigure.OptionalLiveReloadServer - LiveReload server is running on port 35729
2024-10-15 14:01:49.396 [restartedMain] INFO  org.apache.coyote.http11.Http11NioProtocol - Starting ProtocolHandler ["http-nio-3000"]
2024-10-15 14:01:49.397 [restartedMain] INFO  o.s.boot.web.embedded.tomcat.TomcatWebServer - Tomcat started on port(s): 3000 (http) with context path ''
2024-10-15 14:01:49.400 [restartedMain] INFO  com.lvr.kdshop.web.WebApplication - Started WebApplication in 0.991 seconds (JVM running for 256.575)
2024-10-15 14:01:49.400 [restartedMain] INFO  o.s.b.d.a.ConditionEvaluationDeltaLoggingListener - Condition evaluation unchanged
2024-10-15 14:02:37.011 [restartedMain] INFO  com.lvr.kdshop.web.WebApplication - Starting WebApplication using Java 1.8.0_371 on DESKTOP-ILELN00 with PID 34484 (E:\Code\kd-shop\kd-shop-web\target\classes started by LR in E:\Code\kd-shop)
2024-10-15 14:02:37.012 [restartedMain] INFO  com.lvr.kdshop.web.WebApplication - No active profile set, falling back to default profiles: default
2024-10-15 14:02:37.355 [restartedMain] INFO  o.s.d.r.config.RepositoryConfigurationDelegate - Multiple Spring Data modules found, entering strict repository configuration mode!
2024-10-15 14:02:37.356 [restartedMain] INFO  o.s.d.r.config.RepositoryConfigurationDelegate - Bootstrapping Spring Data Redis repositories in DEFAULT mode.
2024-10-15 14:02:37.365 [restartedMain] INFO  o.s.d.r.config.RepositoryConfigurationDelegate - Finished Spring Data repository scanning in 9 ms. Found 0 Redis repository interfaces.
2024-10-15 14:02:37.439 [restartedMain] INFO  o.s.boot.web.embedded.tomcat.TomcatWebServer - Tomcat initialized with port(s): 3000 (http)
2024-10-15 14:02:37.439 [restartedMain] INFO  org.apache.coyote.http11.Http11NioProtocol - Initializing ProtocolHandler ["http-nio-3000"]
2024-10-15 14:02:37.439 [restartedMain] INFO  org.apache.catalina.core.StandardService - Starting service [Tomcat]
2024-10-15 14:02:37.439 [restartedMain] INFO  org.apache.catalina.core.StandardEngine - Starting Servlet engine: [Apache Tomcat/9.0.48]
2024-10-15 14:02:37.463 [restartedMain] INFO  o.a.c.c.ContainerBase.[Tomcat-1].[localhost].[/] - Initializing Spring embedded WebApplicationContext
2024-10-15 14:02:37.464 [restartedMain] INFO  o.s.b.w.s.c.ServletWebServerApplicationContext - Root WebApplicationContext: initialization completed in 448 ms
2024-10-15 14:02:37.613 [restartedMain] INFO  o.s.b.a.web.servlet.WelcomePageHandlerMapping - Adding welcome page template: index
2024-10-15 14:02:37.619 [restartedMain] INFO  c.l.k.w.c.KdShopWebConfig$$EnhancerBySpringCGLIB$$77a9ba3a - =========================Windows 图片资源映射============================
2024-10-15 14:02:37.655 [restartedMain] INFO  o.s.b.d.autoconfigure.OptionalLiveReloadServer - LiveReload server is running on port 35729
2024-10-15 14:02:37.662 [restartedMain] INFO  org.apache.coyote.http11.Http11NioProtocol - Starting ProtocolHandler ["http-nio-3000"]
2024-10-15 14:02:37.663 [restartedMain] INFO  o.s.boot.web.embedded.tomcat.TomcatWebServer - Tomcat started on port(s): 3000 (http) with context path ''
2024-10-15 14:02:37.666 [restartedMain] INFO  com.lvr.kdshop.web.WebApplication - Started WebApplication in 0.712 seconds (JVM running for 304.841)
2024-10-15 14:02:37.667 [restartedMain] INFO  o.s.b.d.a.ConditionEvaluationDeltaLoggingListener - Condition evaluation unchanged
2024-10-15 14:02:59.745 [http-nio-3000-exec-1] INFO  o.a.c.c.ContainerBase.[Tomcat-1].[localhost].[/] - Initializing Spring DispatcherServlet 'dispatcherServlet'
2024-10-15 14:02:59.747 [http-nio-3000-exec-1] INFO  org.springframework.web.servlet.DispatcherServlet - Initializing Servlet 'dispatcherServlet'
2024-10-15 14:02:59.748 [http-nio-3000-exec-1] INFO  org.springframework.web.servlet.DispatcherServlet - Completed initialization in 1 ms
2024-10-15 14:02:59.749 [http-nio-3000-exec-1] INFO  com.zaxxer.hikari.HikariDataSource - HikariPool-2 - Starting...
2024-10-15 14:02:59.754 [http-nio-3000-exec-1] INFO  com.zaxxer.hikari.HikariDataSource - HikariPool-2 - Start completed.
2024-10-15 14:06:50.290 [Thread-32] INFO  com.zaxxer.hikari.HikariDataSource - HikariPool-2 - Shutdown initiated...
2024-10-15 14:06:50.294 [Thread-32] INFO  com.zaxxer.hikari.HikariDataSource - HikariPool-2 - Shutdown completed.
2024-10-15 14:06:50.486 [restartedMain] INFO  com.lvr.kdshop.web.WebApplication - Starting WebApplication using Java 1.8.0_371 on DESKTOP-ILELN00 with PID 34484 (E:\Code\kd-shop\kd-shop-web\target\classes started by LR in E:\Code\kd-shop)
2024-10-15 14:06:50.487 [restartedMain] INFO  com.lvr.kdshop.web.WebApplication - No active profile set, falling back to default profiles: default
2024-10-15 14:06:50.836 [restartedMain] INFO  o.s.d.r.config.RepositoryConfigurationDelegate - Multiple Spring Data modules found, entering strict repository configuration mode!
2024-10-15 14:06:50.836 [restartedMain] INFO  o.s.d.r.config.RepositoryConfigurationDelegate - Bootstrapping Spring Data Redis repositories in DEFAULT mode.
2024-10-15 14:06:50.846 [restartedMain] INFO  o.s.d.r.config.RepositoryConfigurationDelegate - Finished Spring Data repository scanning in 9 ms. Found 0 Redis repository interfaces.
2024-10-15 14:06:50.925 [restartedMain] INFO  o.s.boot.web.embedded.tomcat.TomcatWebServer - Tomcat initialized with port(s): 3000 (http)
2024-10-15 14:06:50.925 [restartedMain] INFO  org.apache.coyote.http11.Http11NioProtocol - Initializing ProtocolHandler ["http-nio-3000"]
2024-10-15 14:06:50.925 [restartedMain] INFO  org.apache.catalina.core.StandardService - Starting service [Tomcat]
2024-10-15 14:06:50.925 [restartedMain] INFO  org.apache.catalina.core.StandardEngine - Starting Servlet engine: [Apache Tomcat/9.0.48]
2024-10-15 14:06:50.947 [restartedMain] INFO  o.a.c.c.ContainerBase.[Tomcat-1].[localhost].[/] - Initializing Spring embedded WebApplicationContext
2024-10-15 14:06:50.948 [restartedMain] INFO  o.s.b.w.s.c.ServletWebServerApplicationContext - Root WebApplicationContext: initialization completed in 456 ms
2024-10-15 14:06:51.126 [restartedMain] INFO  o.s.b.a.web.servlet.WelcomePageHandlerMapping - Adding welcome page template: index
2024-10-15 14:06:51.131 [restartedMain] INFO  c.l.k.w.c.KdShopWebConfig$$EnhancerBySpringCGLIB$$77a9ba3a - =========================Windows 图片资源映射============================
2024-10-15 14:06:51.169 [restartedMain] INFO  o.s.b.d.autoconfigure.OptionalLiveReloadServer - LiveReload server is running on port 35729
2024-10-15 14:06:51.175 [restartedMain] INFO  org.apache.coyote.http11.Http11NioProtocol - Starting ProtocolHandler ["http-nio-3000"]
2024-10-15 14:06:51.176 [restartedMain] INFO  o.s.boot.web.embedded.tomcat.TomcatWebServer - Tomcat started on port(s): 3000 (http) with context path ''
2024-10-15 14:06:51.179 [restartedMain] INFO  com.lvr.kdshop.web.WebApplication - Started WebApplication in 0.746 seconds (JVM running for 558.354)
2024-10-15 14:06:51.180 [restartedMain] INFO  o.s.b.d.a.ConditionEvaluationDeltaLoggingListener - Condition evaluation unchanged
2024-10-15 14:07:07.418 [http-nio-3000-exec-1] INFO  o.a.c.c.ContainerBase.[Tomcat-1].[localhost].[/] - Initializing Spring DispatcherServlet 'dispatcherServlet'
2024-10-15 14:07:07.419 [http-nio-3000-exec-1] INFO  org.springframework.web.servlet.DispatcherServlet - Initializing Servlet 'dispatcherServlet'
2024-10-15 14:07:07.421 [http-nio-3000-exec-1] INFO  org.springframework.web.servlet.DispatcherServlet - Completed initialization in 1 ms
2024-10-15 14:07:07.425 [http-nio-3000-exec-1] INFO  com.zaxxer.hikari.HikariDataSource - HikariPool-3 - Starting...
2024-10-15 14:07:07.431 [http-nio-3000-exec-1] INFO  com.zaxxer.hikari.HikariDataSource - HikariPool-3 - Start completed.
2024-10-15 17:04:23.707 [SpringApplicationShutdownHook] INFO  com.zaxxer.hikari.HikariDataSource - HikariPool-3 - Shutdown initiated...
2024-10-15 17:04:23.713 [SpringApplicationShutdownHook] INFO  com.zaxxer.hikari.HikariDataSource - HikariPool-3 - Shutdown completed.
2024-10-15 17:10:00.162 [restartedMain] INFO  com.lvr.kdshop.web.WebApplication - Starting WebApplication using Java 1.8.0_371 on DESKTOP-ILELN00 with PID 13308 (E:\Code\kd-shop\kd-shop-web\target\classes started by LR in E:\Code\kd-shop)
2024-10-15 17:10:00.165 [restartedMain] INFO  com.lvr.kdshop.web.WebApplication - No active profile set, falling back to default profiles: default
2024-10-15 17:10:00.206 [restartedMain] INFO  o.s.b.d.env.DevToolsPropertyDefaultsPostProcessor - Devtools property defaults active! Set 'spring.devtools.add-properties' to 'false' to disable
2024-10-15 17:10:00.206 [restartedMain] INFO  o.s.b.d.env.DevToolsPropertyDefaultsPostProcessor - For additional web related logging consider setting the 'logging.level.web' property to 'DEBUG'
2024-10-15 17:10:00.895 [restartedMain] INFO  o.s.d.r.config.RepositoryConfigurationDelegate - Multiple Spring Data modules found, entering strict repository configuration mode!
2024-10-15 17:10:00.897 [restartedMain] INFO  o.s.d.r.config.RepositoryConfigurationDelegate - Bootstrapping Spring Data Redis repositories in DEFAULT mode.
2024-10-15 17:10:00.920 [restartedMain] INFO  o.s.d.r.config.RepositoryConfigurationDelegate - Finished Spring Data repository scanning in 12 ms. Found 0 Redis repository interfaces.
2024-10-15 17:10:01.474 [restartedMain] INFO  o.s.boot.web.embedded.tomcat.TomcatWebServer - Tomcat initialized with port(s): 3000 (http)
2024-10-15 17:10:01.485 [restartedMain] INFO  org.apache.coyote.http11.Http11NioProtocol - Initializing ProtocolHandler ["http-nio-3000"]
2024-10-15 17:10:01.485 [restartedMain] INFO  org.apache.catalina.core.StandardService - Starting service [Tomcat]
2024-10-15 17:10:01.485 [restartedMain] INFO  org.apache.catalina.core.StandardEngine - Starting Servlet engine: [Apache Tomcat/9.0.48]
2024-10-15 17:10:01.580 [restartedMain] INFO  o.a.c.core.ContainerBase.[Tomcat].[localhost].[/] - Initializing Spring embedded WebApplicationContext
2024-10-15 17:10:01.580 [restartedMain] INFO  o.s.b.w.s.c.ServletWebServerApplicationContext - Root WebApplicationContext: initialization completed in 1374 ms
2024-10-15 17:10:01.699 [restartedMain] INFO  org.apache.catalina.core.StandardService - Stopping service [Tomcat]
2024-10-15 17:10:01.709 [restartedMain] INFO  o.s.b.a.l.ConditionEvaluationReportLoggingListener - 

Error starting ApplicationContext. To display the conditions report re-run your application with 'debug' enabled.
2024-10-15 17:31:42.202 [restartedMain] INFO  com.lvr.kdshop.web.WebApplication - Starting WebApplication using Java 1.8.0_371 on DESKTOP-ILELN00 with PID 22084 (E:\Code\kd-shop\kd-shop-web\target\classes started by LR in E:\Code\kd-shop)
2024-10-15 17:31:42.204 [restartedMain] INFO  com.lvr.kdshop.web.WebApplication - No active profile set, falling back to default profiles: default
2024-10-15 17:31:42.252 [restartedMain] INFO  o.s.b.d.env.DevToolsPropertyDefaultsPostProcessor - Devtools property defaults active! Set 'spring.devtools.add-properties' to 'false' to disable
2024-10-15 17:31:42.252 [restartedMain] INFO  o.s.b.d.env.DevToolsPropertyDefaultsPostProcessor - For additional web related logging consider setting the 'logging.level.web' property to 'DEBUG'
2024-10-15 17:31:43.075 [restartedMain] INFO  o.s.d.r.config.RepositoryConfigurationDelegate - Multiple Spring Data modules found, entering strict repository configuration mode!
2024-10-15 17:31:43.077 [restartedMain] INFO  o.s.d.r.config.RepositoryConfigurationDelegate - Bootstrapping Spring Data Redis repositories in DEFAULT mode.
2024-10-15 17:31:43.106 [restartedMain] INFO  o.s.d.r.config.RepositoryConfigurationDelegate - Finished Spring Data repository scanning in 14 ms. Found 0 Redis repository interfaces.
2024-10-15 17:31:43.698 [restartedMain] INFO  o.s.boot.web.embedded.tomcat.TomcatWebServer - Tomcat initialized with port(s): 3000 (http)
2024-10-15 17:31:43.707 [restartedMain] INFO  org.apache.coyote.http11.Http11NioProtocol - Initializing ProtocolHandler ["http-nio-3000"]
2024-10-15 17:31:43.707 [restartedMain] INFO  org.apache.catalina.core.StandardService - Starting service [Tomcat]
2024-10-15 17:31:43.708 [restartedMain] INFO  org.apache.catalina.core.StandardEngine - Starting Servlet engine: [Apache Tomcat/9.0.48]
2024-10-15 17:31:43.797 [restartedMain] INFO  o.a.c.core.ContainerBase.[Tomcat].[localhost].[/] - Initializing Spring embedded WebApplicationContext
2024-10-15 17:31:43.797 [restartedMain] INFO  o.s.b.w.s.c.ServletWebServerApplicationContext - Root WebApplicationContext: initialization completed in 1545 ms
2024-10-15 17:31:43.907 [restartedMain] INFO  org.apache.catalina.core.StandardService - Stopping service [Tomcat]
2024-10-15 17:31:43.918 [restartedMain] INFO  o.s.b.a.l.ConditionEvaluationReportLoggingListener - 

Error starting ApplicationContext. To display the conditions report re-run your application with 'debug' enabled.
2024-10-15 17:32:23.749 [restartedMain] INFO  com.lvr.kdshop.web.WebApplication - Starting WebApplication using Java 1.8.0_371 on DESKTOP-ILELN00 with PID 32204 (E:\Code\kd-shop\kd-shop-web\target\classes started by LR in E:\Code\kd-shop)
2024-10-15 17:32:23.752 [restartedMain] INFO  com.lvr.kdshop.web.WebApplication - No active profile set, falling back to default profiles: default
2024-10-15 17:32:23.807 [restartedMain] INFO  o.s.b.d.env.DevToolsPropertyDefaultsPostProcessor - Devtools property defaults active! Set 'spring.devtools.add-properties' to 'false' to disable
2024-10-15 17:32:23.807 [restartedMain] INFO  o.s.b.d.env.DevToolsPropertyDefaultsPostProcessor - For additional web related logging consider setting the 'logging.level.web' property to 'DEBUG'
2024-10-15 17:32:24.581 [restartedMain] INFO  o.s.d.r.config.RepositoryConfigurationDelegate - Multiple Spring Data modules found, entering strict repository configuration mode!
2024-10-15 17:32:24.583 [restartedMain] INFO  o.s.d.r.config.RepositoryConfigurationDelegate - Bootstrapping Spring Data Redis repositories in DEFAULT mode.
2024-10-15 17:32:24.611 [restartedMain] INFO  o.s.d.r.config.RepositoryConfigurationDelegate - Finished Spring Data repository scanning in 15 ms. Found 0 Redis repository interfaces.
2024-10-15 17:32:25.173 [restartedMain] INFO  o.s.boot.web.embedded.tomcat.TomcatWebServer - Tomcat initialized with port(s): 3000 (http)
2024-10-15 17:32:25.182 [restartedMain] INFO  org.apache.coyote.http11.Http11NioProtocol - Initializing ProtocolHandler ["http-nio-3000"]
2024-10-15 17:32:25.183 [restartedMain] INFO  org.apache.catalina.core.StandardService - Starting service [Tomcat]
2024-10-15 17:32:25.183 [restartedMain] INFO  org.apache.catalina.core.StandardEngine - Starting Servlet engine: [Apache Tomcat/9.0.48]
2024-10-15 17:32:25.271 [restartedMain] INFO  o.a.c.core.ContainerBase.[Tomcat].[localhost].[/] - Initializing Spring embedded WebApplicationContext
2024-10-15 17:32:25.277 [restartedMain] INFO  o.s.b.w.s.c.ServletWebServerApplicationContext - Root WebApplicationContext: initialization completed in 1470 ms
2024-10-15 17:32:25.392 [restartedMain] INFO  org.apache.catalina.core.StandardService - Stopping service [Tomcat]
2024-10-15 17:32:25.403 [restartedMain] INFO  o.s.b.a.l.ConditionEvaluationReportLoggingListener - 

Error starting ApplicationContext. To display the conditions report re-run your application with 'debug' enabled.
2024-10-15 17:33:12.994 [restartedMain] INFO  com.lvr.kdshop.web.WebApplication - Starting WebApplication using Java 1.8.0_371 on DESKTOP-ILELN00 with PID 35288 (E:\Code\kd-shop\kd-shop-web\target\classes started by LR in E:\Code\kd-shop)
2024-10-15 17:33:12.996 [restartedMain] INFO  com.lvr.kdshop.web.WebApplication - No active profile set, falling back to default profiles: default
2024-10-15 17:33:13.037 [restartedMain] INFO  o.s.b.d.env.DevToolsPropertyDefaultsPostProcessor - Devtools property defaults active! Set 'spring.devtools.add-properties' to 'false' to disable
2024-10-15 17:33:13.037 [restartedMain] INFO  o.s.b.d.env.DevToolsPropertyDefaultsPostProcessor - For additional web related logging consider setting the 'logging.level.web' property to 'DEBUG'
2024-10-15 17:33:13.791 [restartedMain] INFO  o.s.d.r.config.RepositoryConfigurationDelegate - Multiple Spring Data modules found, entering strict repository configuration mode!
2024-10-15 17:33:13.793 [restartedMain] INFO  o.s.d.r.config.RepositoryConfigurationDelegate - Bootstrapping Spring Data Redis repositories in DEFAULT mode.
2024-10-15 17:33:13.821 [restartedMain] INFO  o.s.d.r.config.RepositoryConfigurationDelegate - Finished Spring Data repository scanning in 14 ms. Found 0 Redis repository interfaces.
2024-10-15 17:33:14.368 [restartedMain] INFO  o.s.boot.web.embedded.tomcat.TomcatWebServer - Tomcat initialized with port(s): 3000 (http)
2024-10-15 17:33:14.377 [restartedMain] INFO  org.apache.coyote.http11.Http11NioProtocol - Initializing ProtocolHandler ["http-nio-3000"]
2024-10-15 17:33:14.377 [restartedMain] INFO  org.apache.catalina.core.StandardService - Starting service [Tomcat]
2024-10-15 17:33:14.377 [restartedMain] INFO  org.apache.catalina.core.StandardEngine - Starting Servlet engine: [Apache Tomcat/9.0.48]
2024-10-15 17:33:14.460 [restartedMain] INFO  o.a.c.core.ContainerBase.[Tomcat].[localhost].[/] - Initializing Spring embedded WebApplicationContext
2024-10-15 17:33:14.460 [restartedMain] INFO  o.s.b.w.s.c.ServletWebServerApplicationContext - Root WebApplicationContext: initialization completed in 1423 ms
2024-10-15 17:33:14.563 [restartedMain] INFO  org.apache.catalina.core.StandardService - Stopping service [Tomcat]
2024-10-15 17:33:14.573 [restartedMain] INFO  o.s.b.a.l.ConditionEvaluationReportLoggingListener - 

Error starting ApplicationContext. To display the conditions report re-run your application with 'debug' enabled.
2024-10-15 17:39:19.819 [restartedMain] INFO  com.lvr.kdshop.web.WebApplication - Starting WebApplication using Java 1.8.0_371 on DESKTOP-ILELN00 with PID 31584 (E:\Code\kd-shop\kd-shop-web\target\classes started by LR in E:\Code\kd-shop)
2024-10-15 17:39:19.821 [restartedMain] INFO  com.lvr.kdshop.web.WebApplication - No active profile set, falling back to default profiles: default
2024-10-15 17:39:19.866 [restartedMain] INFO  o.s.b.d.env.DevToolsPropertyDefaultsPostProcessor - Devtools property defaults active! Set 'spring.devtools.add-properties' to 'false' to disable
2024-10-15 17:39:19.866 [restartedMain] INFO  o.s.b.d.env.DevToolsPropertyDefaultsPostProcessor - For additional web related logging consider setting the 'logging.level.web' property to 'DEBUG'
2024-10-15 17:39:20.620 [restartedMain] INFO  o.s.d.r.config.RepositoryConfigurationDelegate - Multiple Spring Data modules found, entering strict repository configuration mode!
2024-10-15 17:39:20.622 [restartedMain] INFO  o.s.d.r.config.RepositoryConfigurationDelegate - Bootstrapping Spring Data Redis repositories in DEFAULT mode.
2024-10-15 17:39:20.647 [restartedMain] INFO  o.s.d.r.config.RepositoryConfigurationDelegate - Finished Spring Data repository scanning in 14 ms. Found 0 Redis repository interfaces.
2024-10-15 17:39:21.207 [restartedMain] INFO  o.s.boot.web.embedded.tomcat.TomcatWebServer - Tomcat initialized with port(s): 3000 (http)
2024-10-15 17:39:21.215 [restartedMain] INFO  org.apache.coyote.http11.Http11NioProtocol - Initializing ProtocolHandler ["http-nio-3000"]
2024-10-15 17:39:21.215 [restartedMain] INFO  org.apache.catalina.core.StandardService - Starting service [Tomcat]
2024-10-15 17:39:21.215 [restartedMain] INFO  org.apache.catalina.core.StandardEngine - Starting Servlet engine: [Apache Tomcat/9.0.48]
2024-10-15 17:39:21.305 [restartedMain] INFO  o.a.c.core.ContainerBase.[Tomcat].[localhost].[/] - Initializing Spring embedded WebApplicationContext
2024-10-15 17:39:21.305 [restartedMain] INFO  o.s.b.w.s.c.ServletWebServerApplicationContext - Root WebApplicationContext: initialization completed in 1439 ms
2024-10-15 17:39:21.419 [restartedMain] INFO  org.apache.catalina.core.StandardService - Stopping service [Tomcat]
2024-10-15 17:39:21.430 [restartedMain] INFO  o.s.b.a.l.ConditionEvaluationReportLoggingListener - 

Error starting ApplicationContext. To display the conditions report re-run your application with 'debug' enabled.
