2024-03-16 21:17:37.849 [restartedMain] INFO  com.lvr.kdshop.web.WebApplication - Starting WebApplication using Java 1.8.0_371 on DESKTOP-ILELN00 with PID 24596 (E:\Code\kd-shop\web-app\target\classes started by LR in E:\Code\kd-shop)
2024-03-16 21:17:37.856 [restartedMain] INFO  com.lvr.kdshop.web.WebApplication - No active profile set, falling back to default profiles: default
2024-03-16 21:17:37.937 [restartedMain] INFO  o.s.b.d.env.DevToolsPropertyDefaultsPostProcessor - Devtools property defaults active! Set 'spring.devtools.add-properties' to 'false' to disable
2024-03-16 21:17:37.937 [restartedMain] INFO  o.s.b.d.env.DevToolsPropertyDefaultsPostProcessor - For additional web related logging consider setting the 'logging.level.web' property to 'DEBUG'
2024-03-16 21:17:39.395 [restartedMain] INFO  o.s.d.r.config.RepositoryConfigurationDelegate - Multiple Spring Data modules found, entering strict repository configuration mode!
2024-03-16 21:17:39.401 [restartedMain] INFO  o.s.d.r.config.RepositoryConfigurationDelegate - Bootstrapping Spring Data Redis repositories in DEFAULT mode.
2024-03-16 21:17:39.472 [restartedMain] INFO  o.s.d.r.config.RepositoryConfigurationDelegate - Finished Spring Data repository scanning in 40 ms. Found 0 Redis repository interfaces.
2024-03-16 21:17:40.133 [restartedMain] INFO  o.s.c.s.PostProcessorRegistrationDelegate$BeanPostProcessorChecker - Bean 'org.springframework.security.access.expression.method.DefaultMethodSecurityExpressionHandler@722b99e8' of type [org.springframework.security.access.expression.method.DefaultMethodSecurityExpressionHandler] is not eligible for getting processed by all BeanPostProcessors (for example: not eligible for auto-proxying)
2024-03-16 21:17:40.144 [restartedMain] INFO  o.s.c.s.PostProcessorRegistrationDelegate$BeanPostProcessorChecker - Bean 'methodSecurityMetadataSource' of type [org.springframework.security.access.method.DelegatingMethodSecurityMetadataSource] is not eligible for getting processed by all BeanPostProcessors (for example: not eligible for auto-proxying)
2024-03-16 21:17:40.699 [restartedMain] INFO  o.s.boot.web.embedded.tomcat.TomcatWebServer - Tomcat initialized with port(s): 8888 (http)
2024-03-16 21:17:40.716 [restartedMain] INFO  org.apache.coyote.http11.Http11NioProtocol - Initializing ProtocolHandler ["http-nio-8888"]
2024-03-16 21:17:40.717 [restartedMain] INFO  org.apache.catalina.core.StandardService - Starting service [Tomcat]
2024-03-16 21:17:40.717 [restartedMain] INFO  org.apache.catalina.core.StandardEngine - Starting Servlet engine: [Apache Tomcat/9.0.48]
2024-03-16 21:17:40.883 [restartedMain] INFO  o.a.c.core.ContainerBase.[Tomcat].[localhost].[/] - Initializing Spring embedded WebApplicationContext
2024-03-16 21:17:40.883 [restartedMain] INFO  o.s.b.w.s.c.ServletWebServerApplicationContext - Root WebApplicationContext: initialization completed in 2943 ms
2024-03-16 21:17:42.102 [restartedMain] INFO  c.l.k.w.c.KdShopWebConfig$$EnhancerBySpringCGLIB$$7375a7d - =========================Windows 图片资源映射============================
2024-03-16 21:17:42.130 [restartedMain] INFO  o.s.security.web.DefaultSecurityFilterChain - Will secure any request with [org.springframework.security.web.context.request.async.WebAsyncManagerIntegrationFilter@28983c4a, org.springframework.security.web.context.SecurityContextPersistenceFilter@1af80c17, org.springframework.security.web.header.HeaderWriterFilter@570bb99d, org.springframework.web.filter.CorsFilter@4b819aba, org.springframework.security.web.authentication.logout.LogoutFilter@b63fe26, org.springframework.security.web.authentication.UsernamePasswordAuthenticationFilter@37f5cd60, org.springframework.security.web.session.ConcurrentSessionFilter@54c590a4, org.springframework.security.web.savedrequest.RequestCacheAwareFilter@1d4041a3, org.springframework.security.web.servletapi.SecurityContextHolderAwareRequestFilter@604ad3c1, org.springframework.security.web.authentication.AnonymousAuthenticationFilter@1231d962, org.springframework.security.web.session.SessionManagementFilter@47986d34, org.springframework.security.web.access.ExceptionTranslationFilter@1507dd16, org.springframework.security.web.access.intercept.FilterSecurityInterceptor@2d482cd8]
2024-03-16 21:17:43.039 [restartedMain] INFO  o.s.b.d.autoconfigure.OptionalLiveReloadServer - LiveReload server is running on port 35729
2024-03-16 21:17:43.062 [restartedMain] INFO  org.apache.coyote.http11.Http11NioProtocol - Starting ProtocolHandler ["http-nio-8888"]
2024-03-16 21:17:43.085 [restartedMain] INFO  o.s.boot.web.embedded.tomcat.TomcatWebServer - Tomcat started on port(s): 8888 (http) with context path ''
2024-03-16 21:17:43.098 [restartedMain] INFO  com.lvr.kdshop.web.WebApplication - Started WebApplication in 5.862 seconds (JVM running for 8.458)
2024-03-16 22:09:58.045 [restartedMain] INFO  com.lvr.kdshop.web.WebApplication - Starting WebApplication using Java 1.8.0_371 on DESKTOP-ILELN00 with PID 3384 (E:\Code\kd-shop\web-app\target\classes started by LR in E:\Code\kd-shop)
2024-03-16 22:09:58.048 [restartedMain] INFO  com.lvr.kdshop.web.WebApplication - No active profile set, falling back to default profiles: default
2024-03-16 22:09:58.146 [restartedMain] INFO  o.s.b.d.env.DevToolsPropertyDefaultsPostProcessor - Devtools property defaults active! Set 'spring.devtools.add-properties' to 'false' to disable
2024-03-16 22:09:58.146 [restartedMain] INFO  o.s.b.d.env.DevToolsPropertyDefaultsPostProcessor - For additional web related logging consider setting the 'logging.level.web' property to 'DEBUG'
2024-03-16 22:09:59.258 [restartedMain] INFO  o.s.d.r.config.RepositoryConfigurationDelegate - Multiple Spring Data modules found, entering strict repository configuration mode!
2024-03-16 22:09:59.261 [restartedMain] INFO  o.s.d.r.config.RepositoryConfigurationDelegate - Bootstrapping Spring Data Redis repositories in DEFAULT mode.
2024-03-16 22:09:59.300 [restartedMain] INFO  o.s.d.r.config.RepositoryConfigurationDelegate - Finished Spring Data repository scanning in 24 ms. Found 0 Redis repository interfaces.
2024-03-16 22:09:59.769 [restartedMain] INFO  o.s.c.s.PostProcessorRegistrationDelegate$BeanPostProcessorChecker - Bean 'org.springframework.security.access.expression.method.DefaultMethodSecurityExpressionHandler@9013863' of type [org.springframework.security.access.expression.method.DefaultMethodSecurityExpressionHandler] is not eligible for getting processed by all BeanPostProcessors (for example: not eligible for auto-proxying)
2024-03-16 22:09:59.774 [restartedMain] INFO  o.s.c.s.PostProcessorRegistrationDelegate$BeanPostProcessorChecker - Bean 'methodSecurityMetadataSource' of type [org.springframework.security.access.method.DelegatingMethodSecurityMetadataSource] is not eligible for getting processed by all BeanPostProcessors (for example: not eligible for auto-proxying)
2024-03-16 22:10:00.133 [restartedMain] INFO  o.s.boot.web.embedded.tomcat.TomcatWebServer - Tomcat initialized with port(s): 8888 (http)
2024-03-16 22:10:00.144 [restartedMain] INFO  org.apache.coyote.http11.Http11NioProtocol - Initializing ProtocolHandler ["http-nio-8888"]
2024-03-16 22:10:00.144 [restartedMain] INFO  org.apache.catalina.core.StandardService - Starting service [Tomcat]
2024-03-16 22:10:00.145 [restartedMain] INFO  org.apache.catalina.core.StandardEngine - Starting Servlet engine: [Apache Tomcat/9.0.48]
2024-03-16 22:10:00.260 [restartedMain] INFO  o.a.c.core.ContainerBase.[Tomcat].[localhost].[/] - Initializing Spring embedded WebApplicationContext
2024-03-16 22:10:00.260 [restartedMain] INFO  o.s.b.w.s.c.ServletWebServerApplicationContext - Root WebApplicationContext: initialization completed in 2113 ms
2024-03-16 22:10:01.207 [restartedMain] INFO  c.l.k.w.c.KdShopWebConfig$$EnhancerBySpringCGLIB$$9021e015 - =========================Windows 图片资源映射============================
2024-03-16 22:10:01.234 [restartedMain] INFO  o.s.security.web.DefaultSecurityFilterChain - Will secure any request with [org.springframework.security.web.context.request.async.WebAsyncManagerIntegrationFilter@6735e15b, org.springframework.security.web.context.SecurityContextPersistenceFilter@1f3ea765, org.springframework.security.web.header.HeaderWriterFilter@6ec03a84, org.springframework.web.filter.CorsFilter@61e66a95, org.springframework.security.web.authentication.logout.LogoutFilter@459b7583, org.springframework.security.web.authentication.UsernamePasswordAuthenticationFilter@ec39950, org.springframework.security.web.session.ConcurrentSessionFilter@18990951, org.springframework.security.web.savedrequest.RequestCacheAwareFilter@42c90118, org.springframework.security.web.servletapi.SecurityContextHolderAwareRequestFilter@2e36563, org.springframework.security.web.authentication.AnonymousAuthenticationFilter@f7de834, org.springframework.security.web.session.SessionManagementFilter@712388d2, org.springframework.security.web.access.ExceptionTranslationFilter@7c12117, org.springframework.security.web.access.intercept.FilterSecurityInterceptor@2163bb41]
2024-03-16 22:10:01.994 [restartedMain] INFO  o.s.b.d.autoconfigure.OptionalLiveReloadServer - LiveReload server is running on port 35729
2024-03-16 22:10:02.015 [restartedMain] INFO  org.apache.coyote.http11.Http11NioProtocol - Starting ProtocolHandler ["http-nio-8888"]
2024-03-16 22:10:02.035 [restartedMain] INFO  o.s.boot.web.embedded.tomcat.TomcatWebServer - Tomcat started on port(s): 8888 (http) with context path ''
2024-03-16 22:10:02.047 [restartedMain] INFO  com.lvr.kdshop.web.WebApplication - Started WebApplication in 4.566 seconds (JVM running for 5.996)
2024-03-16 22:10:25.237 [http-nio-8888-exec-1] INFO  o.a.c.core.ContainerBase.[Tomcat].[localhost].[/] - Initializing Spring DispatcherServlet 'dispatcherServlet'
2024-03-16 22:10:25.238 [http-nio-8888-exec-1] INFO  org.springframework.web.servlet.DispatcherServlet - Initializing Servlet 'dispatcherServlet'
2024-03-16 22:10:25.239 [http-nio-8888-exec-1] INFO  org.springframework.web.servlet.DispatcherServlet - Completed initialization in 1 ms
2024-03-16 22:14:13.809 [restartedMain] INFO  com.lvr.kdshop.web.WebApplication - Starting WebApplication using Java 1.8.0_371 on DESKTOP-ILELN00 with PID 3384 (E:\Code\kd-shop\web-app\target\classes started by LR in E:\Code\kd-shop)
2024-03-16 22:14:13.809 [restartedMain] INFO  com.lvr.kdshop.web.WebApplication - No active profile set, falling back to default profiles: default
2024-03-16 22:14:14.283 [restartedMain] INFO  o.s.d.r.config.RepositoryConfigurationDelegate - Multiple Spring Data modules found, entering strict repository configuration mode!
2024-03-16 22:14:14.283 [restartedMain] INFO  o.s.d.r.config.RepositoryConfigurationDelegate - Bootstrapping Spring Data Redis repositories in DEFAULT mode.
2024-03-16 22:14:14.303 [restartedMain] INFO  o.s.d.r.config.RepositoryConfigurationDelegate - Finished Spring Data repository scanning in 19 ms. Found 0 Redis repository interfaces.
2024-03-16 22:14:14.411 [restartedMain] INFO  o.s.c.s.PostProcessorRegistrationDelegate$BeanPostProcessorChecker - Bean 'org.springframework.security.access.expression.method.DefaultMethodSecurityExpressionHandler@5c2bc22' of type [org.springframework.security.access.expression.method.DefaultMethodSecurityExpressionHandler] is not eligible for getting processed by all BeanPostProcessors (for example: not eligible for auto-proxying)
2024-03-16 22:14:14.411 [restartedMain] INFO  o.s.c.s.PostProcessorRegistrationDelegate$BeanPostProcessorChecker - Bean 'methodSecurityMetadataSource' of type [org.springframework.security.access.method.DelegatingMethodSecurityMetadataSource] is not eligible for getting processed by all BeanPostProcessors (for example: not eligible for auto-proxying)
2024-03-16 22:14:14.445 [restartedMain] INFO  o.s.boot.web.embedded.tomcat.TomcatWebServer - Tomcat initialized with port(s): 8888 (http)
2024-03-16 22:14:14.446 [restartedMain] INFO  org.apache.coyote.http11.Http11NioProtocol - Initializing ProtocolHandler ["http-nio-8888"]
2024-03-16 22:14:14.446 [restartedMain] INFO  org.apache.catalina.core.StandardService - Starting service [Tomcat]
2024-03-16 22:14:14.446 [restartedMain] INFO  org.apache.catalina.core.StandardEngine - Starting Servlet engine: [Apache Tomcat/9.0.48]
2024-03-16 22:14:14.485 [restartedMain] INFO  o.a.c.core.ContainerBase.[Tomcat].[localhost].[/] - Initializing Spring embedded WebApplicationContext
2024-03-16 22:14:14.485 [restartedMain] INFO  o.s.b.w.s.c.ServletWebServerApplicationContext - Root WebApplicationContext: initialization completed in 671 ms
2024-03-16 22:14:14.780 [restartedMain] INFO  c.l.k.w.c.KdShopWebConfig$$EnhancerBySpringCGLIB$$9021e015 - =========================Windows 图片资源映射============================
2024-03-16 22:14:14.787 [restartedMain] INFO  o.s.security.web.DefaultSecurityFilterChain - Will secure any request with [org.springframework.security.web.context.request.async.WebAsyncManagerIntegrationFilter@27f85d75, org.springframework.security.web.context.SecurityContextPersistenceFilter@668ffce1, org.springframework.security.web.header.HeaderWriterFilter@454e06f0, org.springframework.web.filter.CorsFilter@412839a8, org.springframework.security.web.authentication.logout.LogoutFilter@35dc9791, org.springframework.security.web.authentication.UsernamePasswordAuthenticationFilter@6492428f, org.springframework.security.web.session.ConcurrentSessionFilter@4e91bc86, org.springframework.security.web.savedrequest.RequestCacheAwareFilter@53431f46, org.springframework.security.web.servletapi.SecurityContextHolderAwareRequestFilter@6f1bfae8, org.springframework.security.web.authentication.AnonymousAuthenticationFilter@1bcd743b, org.springframework.security.web.session.SessionManagementFilter@4b7ee34d, org.springframework.security.web.access.ExceptionTranslationFilter@6dc8bfda, org.springframework.security.web.access.intercept.FilterSecurityInterceptor@32ed0a5c]
2024-03-16 22:14:14.878 [restartedMain] INFO  o.s.b.d.autoconfigure.OptionalLiveReloadServer - LiveReload server is running on port 35729
2024-03-16 22:14:14.888 [restartedMain] INFO  org.apache.coyote.http11.Http11NioProtocol - Starting ProtocolHandler ["http-nio-8888"]
2024-03-16 22:14:14.890 [restartedMain] INFO  o.s.boot.web.embedded.tomcat.TomcatWebServer - Tomcat started on port(s): 8888 (http) with context path ''
2024-03-16 22:14:14.894 [restartedMain] INFO  com.lvr.kdshop.web.WebApplication - Started WebApplication in 1.151 seconds (JVM running for 258.843)
2024-03-16 22:14:14.895 [restartedMain] INFO  o.s.b.d.a.ConditionEvaluationDeltaLoggingListener - Condition evaluation unchanged
2024-03-16 22:14:17.033 [restartedMain] INFO  com.lvr.kdshop.web.WebApplication - Starting WebApplication using Java 1.8.0_371 on DESKTOP-ILELN00 with PID 3384 (E:\Code\kd-shop\web-app\target\classes started by LR in E:\Code\kd-shop)
2024-03-16 22:14:17.033 [restartedMain] INFO  com.lvr.kdshop.web.WebApplication - No active profile set, falling back to default profiles: default
2024-03-16 22:14:17.498 [restartedMain] INFO  o.s.d.r.config.RepositoryConfigurationDelegate - Multiple Spring Data modules found, entering strict repository configuration mode!
2024-03-16 22:14:17.498 [restartedMain] INFO  o.s.d.r.config.RepositoryConfigurationDelegate - Bootstrapping Spring Data Redis repositories in DEFAULT mode.
2024-03-16 22:14:17.518 [restartedMain] INFO  o.s.d.r.config.RepositoryConfigurationDelegate - Finished Spring Data repository scanning in 19 ms. Found 0 Redis repository interfaces.
2024-03-16 22:14:17.627 [restartedMain] INFO  o.s.c.s.PostProcessorRegistrationDelegate$BeanPostProcessorChecker - Bean 'org.springframework.security.access.expression.method.DefaultMethodSecurityExpressionHandler@9c906c6' of type [org.springframework.security.access.expression.method.DefaultMethodSecurityExpressionHandler] is not eligible for getting processed by all BeanPostProcessors (for example: not eligible for auto-proxying)
2024-03-16 22:14:17.633 [restartedMain] INFO  o.s.c.s.PostProcessorRegistrationDelegate$BeanPostProcessorChecker - Bean 'methodSecurityMetadataSource' of type [org.springframework.security.access.method.DelegatingMethodSecurityMetadataSource] is not eligible for getting processed by all BeanPostProcessors (for example: not eligible for auto-proxying)
2024-03-16 22:14:17.666 [restartedMain] INFO  o.s.boot.web.embedded.tomcat.TomcatWebServer - Tomcat initialized with port(s): 8888 (http)
2024-03-16 22:14:17.667 [restartedMain] INFO  org.apache.coyote.http11.Http11NioProtocol - Initializing ProtocolHandler ["http-nio-8888"]
2024-03-16 22:14:17.667 [restartedMain] INFO  org.apache.catalina.core.StandardService - Starting service [Tomcat]
2024-03-16 22:14:17.667 [restartedMain] INFO  org.apache.catalina.core.StandardEngine - Starting Servlet engine: [Apache Tomcat/9.0.48]
2024-03-16 22:14:17.695 [restartedMain] INFO  o.a.c.core.ContainerBase.[Tomcat].[localhost].[/] - Initializing Spring embedded WebApplicationContext
2024-03-16 22:14:17.695 [restartedMain] INFO  o.s.b.w.s.c.ServletWebServerApplicationContext - Root WebApplicationContext: initialization completed in 657 ms
2024-03-16 22:14:17.989 [restartedMain] INFO  c.l.k.w.c.KdShopWebConfig$$EnhancerBySpringCGLIB$$9021e015 - =========================Windows 图片资源映射============================
2024-03-16 22:14:17.997 [restartedMain] INFO  o.s.security.web.DefaultSecurityFilterChain - Will secure any request with [org.springframework.security.web.context.request.async.WebAsyncManagerIntegrationFilter@4249c1a6, org.springframework.security.web.context.SecurityContextPersistenceFilter@3e968e55, org.springframework.security.web.header.HeaderWriterFilter@7e9baaa7, org.springframework.web.filter.CorsFilter@2e5cf061, org.springframework.security.web.authentication.logout.LogoutFilter@164275e6, org.springframework.security.web.authentication.UsernamePasswordAuthenticationFilter@397cb356, org.springframework.security.web.session.ConcurrentSessionFilter@29bd6b06, org.springframework.security.web.savedrequest.RequestCacheAwareFilter@1d7bc5b2, org.springframework.security.web.servletapi.SecurityContextHolderAwareRequestFilter@5e0b019c, org.springframework.security.web.authentication.AnonymousAuthenticationFilter@3c1864c4, org.springframework.security.web.session.SessionManagementFilter@4550cc65, org.springframework.security.web.access.ExceptionTranslationFilter@5b598ca8, org.springframework.security.web.access.intercept.FilterSecurityInterceptor@6e2f9f39]
2024-03-16 22:14:18.114 [restartedMain] INFO  o.s.b.d.autoconfigure.OptionalLiveReloadServer - LiveReload server is running on port 35729
2024-03-16 22:14:18.128 [restartedMain] INFO  org.apache.coyote.http11.Http11NioProtocol - Starting ProtocolHandler ["http-nio-8888"]
2024-03-16 22:14:18.130 [restartedMain] INFO  o.s.boot.web.embedded.tomcat.TomcatWebServer - Tomcat started on port(s): 8888 (http) with context path ''
2024-03-16 22:14:18.134 [restartedMain] INFO  com.lvr.kdshop.web.WebApplication - Started WebApplication in 1.163 seconds (JVM running for 262.083)
2024-03-16 22:14:18.136 [restartedMain] INFO  o.s.b.d.a.ConditionEvaluationDeltaLoggingListener - Condition evaluation unchanged
2024-03-16 22:14:25.986 [http-nio-8888-exec-1] INFO  o.a.c.core.ContainerBase.[Tomcat].[localhost].[/] - Initializing Spring DispatcherServlet 'dispatcherServlet'
2024-03-16 22:14:25.987 [http-nio-8888-exec-1] INFO  org.springframework.web.servlet.DispatcherServlet - Initializing Servlet 'dispatcherServlet'
2024-03-16 22:14:25.988 [http-nio-8888-exec-1] INFO  org.springframework.web.servlet.DispatcherServlet - Completed initialization in 0 ms
